2020-05-04 10:51:45.422  INFO 10984 --- [main] c.s.controller.EmployeeControllerTest    : Starting EmployeeControllerTest on Dell-PC with PID 10984 (started by Dell in F:\ScaleSampark\ScaleSampark2.0)
2020-05-04 10:51:45.462 DEBUG 10984 --- [main] c.s.controller.EmployeeControllerTest    : Running with Spring Boot v2.2.2.RELEASE, Spring v5.2.2.RELEASE
2020-05-04 10:51:45.470  INFO 10984 --- [main] c.s.controller.EmployeeControllerTest    : The following profiles are active: test
2020-05-04 10:52:02.580  INFO 10984 --- [main] o.s.b.w.embedded.tomcat.TomcatWebServer  : Tomcat initialized with port(s): 0 (http)
2020-05-04 10:52:02.700  INFO 10984 --- [main] o.apache.catalina.core.StandardService   : Starting service [Tomcat]
2020-05-04 10:52:02.702  INFO 10984 --- [main] org.apache.catalina.core.StandardEngine  : Starting Servlet engine: [Apache Tomcat/9.0.29]
2020-05-04 10:52:03.577  INFO 10984 --- [main] o.a.c.c.C.[Tomcat].[localhost].[/]       : Initializing Spring embedded WebApplicationContext
2020-05-04 10:52:03.578  INFO 10984 --- [main] o.s.web.context.ContextLoader            : Root WebApplicationContext: initialization completed in 17289 ms
2020-05-04 10:52:04.173  INFO 10984 --- [main] c.s.services.EmployeeTestServiceConfig   : >>>>>>>>>>>>>>>>>>>>>>>     In EmployeeTestService     <<<<<<<<<<<<<<<<<<<<<<<<<
2020-05-04 10:52:06.983  INFO 10984 --- [main] o.s.aop.framework.CglibAopProxy          : Unable to proxy interface-implementing method [public final void org.springframework.dao.support.DaoSupport.afterPropertiesSet() throws java.lang.IllegalArgumentException,org.springframework.beans.factory.BeanInitializationException] because it is marked as final: Consider using interface-based JDK proxies instead!
2020-05-04 10:52:07.166  INFO 10984 --- [main] o.s.aop.framework.CglibAopProxy          : Unable to proxy interface-implementing method [public final void org.springframework.dao.support.DaoSupport.afterPropertiesSet() throws java.lang.IllegalArgumentException,org.springframework.beans.factory.BeanInitializationException] because it is marked as final: Consider using interface-based JDK proxies instead!
2020-05-04 10:52:07.189  INFO 10984 --- [main] o.s.aop.framework.CglibAopProxy          : Unable to proxy interface-implementing method [public final void org.springframework.dao.support.DaoSupport.afterPropertiesSet() throws java.lang.IllegalArgumentException,org.springframework.beans.factory.BeanInitializationException] because it is marked as final: Consider using interface-based JDK proxies instead!
2020-05-04 10:52:08.442  INFO 10984 --- [main] o.s.s.concurrent.ThreadPoolTaskExecutor  : Initializing ExecutorService 'applicationTaskExecutor'
2020-05-04 10:52:10.488  INFO 10984 --- [main] o.s.b.w.embedded.tomcat.TomcatWebServer  : Tomcat started on port(s): 57285 (http) with context path ''
2020-05-04 10:52:10.500  INFO 10984 --- [main] c.s.controller.EmployeeControllerTest    : Started EmployeeControllerTest in 28.631 seconds (JVM running for 52.124)
2020-05-04 10:52:11.465  INFO 10984 --- [http-nio-auto-1-exec-1] o.a.c.c.C.[Tomcat].[localhost].[/]       : Initializing Spring DispatcherServlet 'dispatcherServlet'
2020-05-04 10:52:11.468  INFO 10984 --- [http-nio-auto-1-exec-1] o.s.web.servlet.DispatcherServlet        : Initializing Servlet 'dispatcherServlet'
2020-05-04 10:52:11.637  INFO 10984 --- [http-nio-auto-1-exec-1] o.s.web.servlet.DispatcherServlet        : Completed initialization in 166 ms
2020-05-04 10:52:12.774  INFO 10984 --- [SpringContextShutdownHook] o.s.s.concurrent.ThreadPoolTaskExecutor  : Shutting down ExecutorService 'applicationTaskExecutor'
2020-05-04 10:53:42.319  INFO 10652 --- [main] c.s.controller.EmployeeControllerTest    : Starting EmployeeControllerTest on Dell-PC with PID 10652 (started by Dell in F:\ScaleSampark\ScaleSampark2.0)
2020-05-04 10:53:42.322 DEBUG 10652 --- [main] c.s.controller.EmployeeControllerTest    : Running with Spring Boot v2.2.2.RELEASE, Spring v5.2.2.RELEASE
2020-05-04 10:53:42.324  INFO 10652 --- [main] c.s.controller.EmployeeControllerTest    : The following profiles are active: test
2020-05-04 10:53:48.085  INFO 10652 --- [main] o.s.b.w.embedded.tomcat.TomcatWebServer  : Tomcat initialized with port(s): 0 (http)
2020-05-04 10:53:48.138  INFO 10652 --- [main] o.apache.catalina.core.StandardService   : Starting service [Tomcat]
2020-05-04 10:53:48.139  INFO 10652 --- [main] org.apache.catalina.core.StandardEngine  : Starting Servlet engine: [Apache Tomcat/9.0.29]
2020-05-04 10:53:48.740  INFO 10652 --- [main] o.a.c.c.C.[Tomcat].[localhost].[/]       : Initializing Spring embedded WebApplicationContext
2020-05-04 10:53:48.741  INFO 10652 --- [main] o.s.web.context.ContextLoader            : Root WebApplicationContext: initialization completed in 6244 ms
2020-05-04 10:53:49.303  INFO 10652 --- [main] c.s.services.EmployeeTestServiceConfig   : >>>>>>>>>>>>>>>>>>>>>>>     In EmployeeTestService     <<<<<<<<<<<<<<<<<<<<<<<<<
2020-05-04 10:53:51.184  INFO 10652 --- [main] o.s.aop.framework.CglibAopProxy          : Unable to proxy interface-implementing method [public final void org.springframework.dao.support.DaoSupport.afterPropertiesSet() throws java.lang.IllegalArgumentException,org.springframework.beans.factory.BeanInitializationException] because it is marked as final: Consider using interface-based JDK proxies instead!
2020-05-04 10:53:51.597  INFO 10652 --- [main] o.s.aop.framework.CglibAopProxy          : Unable to proxy interface-implementing method [public final void org.springframework.dao.support.DaoSupport.afterPropertiesSet() throws java.lang.IllegalArgumentException,org.springframework.beans.factory.BeanInitializationException] because it is marked as final: Consider using interface-based JDK proxies instead!
2020-05-04 10:53:51.663  INFO 10652 --- [main] o.s.aop.framework.CglibAopProxy          : Unable to proxy interface-implementing method [public final void org.springframework.dao.support.DaoSupport.afterPropertiesSet() throws java.lang.IllegalArgumentException,org.springframework.beans.factory.BeanInitializationException] because it is marked as final: Consider using interface-based JDK proxies instead!
2020-05-04 10:53:52.821  INFO 10652 --- [main] o.s.s.concurrent.ThreadPoolTaskExecutor  : Initializing ExecutorService 'applicationTaskExecutor'
2020-05-04 10:53:54.646  INFO 10652 --- [main] o.s.b.w.embedded.tomcat.TomcatWebServer  : Tomcat started on port(s): 57341 (http) with context path ''
2020-05-04 10:53:54.663  INFO 10652 --- [main] c.s.controller.EmployeeControllerTest    : Started EmployeeControllerTest in 13.803 seconds (JVM running for 19.36)
2020-05-04 10:53:55.266  INFO 10652 --- [http-nio-auto-1-exec-1] o.a.c.c.C.[Tomcat].[localhost].[/]       : Initializing Spring DispatcherServlet 'dispatcherServlet'
2020-05-04 10:53:55.269  INFO 10652 --- [http-nio-auto-1-exec-1] o.s.web.servlet.DispatcherServlet        : Initializing Servlet 'dispatcherServlet'
2020-05-04 10:53:55.386  INFO 10652 --- [http-nio-auto-1-exec-1] o.s.web.servlet.DispatcherServlet        : Completed initialization in 116 ms
2020-05-04 10:55:05.492  INFO 10652 --- [SpringContextShutdownHook] o.s.s.concurrent.ThreadPoolTaskExecutor  : Shutting down ExecutorService 'applicationTaskExecutor'
2020-05-04 10:58:12.019  INFO 11832 --- [main] c.s.controller.EmployeeControllerTest    : Starting EmployeeControllerTest on Dell-PC with PID 11832 (started by Dell in F:\ScaleSampark\ScaleSampark2.0)
2020-05-04 10:58:12.022 DEBUG 11832 --- [main] c.s.controller.EmployeeControllerTest    : Running with Spring Boot v2.2.2.RELEASE, Spring v5.2.2.RELEASE
2020-05-04 10:58:12.023  INFO 11832 --- [main] c.s.controller.EmployeeControllerTest    : The following profiles are active: test
2020-05-04 10:58:15.533  INFO 11832 --- [main] o.s.b.w.embedded.tomcat.TomcatWebServer  : Tomcat initialized with port(s): 0 (http)
2020-05-04 10:58:15.567  INFO 11832 --- [main] o.apache.catalina.core.StandardService   : Starting service [Tomcat]
2020-05-04 10:58:15.567  INFO 11832 --- [main] org.apache.catalina.core.StandardEngine  : Starting Servlet engine: [Apache Tomcat/9.0.29]
2020-05-04 10:58:15.764  INFO 11832 --- [main] o.a.c.c.C.[Tomcat].[localhost].[/]       : Initializing Spring embedded WebApplicationContext
2020-05-04 10:58:15.765  INFO 11832 --- [main] o.s.web.context.ContextLoader            : Root WebApplicationContext: initialization completed in 3672 ms
2020-05-04 10:58:16.001  INFO 11832 --- [main] c.s.services.EmployeeTestServiceConfig   : >>>>>>>>>>>>>>>>>>>>>>>     In EmployeeTestService     <<<<<<<<<<<<<<<<<<<<<<<<<
2020-05-04 10:58:16.916  INFO 11832 --- [main] o.s.aop.framework.CglibAopProxy          : Unable to proxy interface-implementing method [public final void org.springframework.dao.support.DaoSupport.afterPropertiesSet() throws java.lang.IllegalArgumentException,org.springframework.beans.factory.BeanInitializationException] because it is marked as final: Consider using interface-based JDK proxies instead!
2020-05-04 10:58:17.061  INFO 11832 --- [main] o.s.aop.framework.CglibAopProxy          : Unable to proxy interface-implementing method [public final void org.springframework.dao.support.DaoSupport.afterPropertiesSet() throws java.lang.IllegalArgumentException,org.springframework.beans.factory.BeanInitializationException] because it is marked as final: Consider using interface-based JDK proxies instead!
2020-05-04 10:58:17.076  INFO 11832 --- [main] o.s.aop.framework.CglibAopProxy          : Unable to proxy interface-implementing method [public final void org.springframework.dao.support.DaoSupport.afterPropertiesSet() throws java.lang.IllegalArgumentException,org.springframework.beans.factory.BeanInitializationException] because it is marked as final: Consider using interface-based JDK proxies instead!
2020-05-04 10:58:17.656  INFO 11832 --- [main] o.s.s.concurrent.ThreadPoolTaskExecutor  : Initializing ExecutorService 'applicationTaskExecutor'
2020-05-04 10:58:18.531  INFO 11832 --- [main] o.s.b.w.embedded.tomcat.TomcatWebServer  : Tomcat started on port(s): 57488 (http) with context path ''
2020-05-04 10:58:18.536  INFO 11832 --- [main] c.s.controller.EmployeeControllerTest    : Started EmployeeControllerTest in 7.629 seconds (JVM running for 11.395)
2020-05-04 10:58:18.786  INFO 11832 --- [http-nio-auto-1-exec-3] o.a.c.c.C.[Tomcat].[localhost].[/]       : Initializing Spring DispatcherServlet 'dispatcherServlet'
2020-05-04 10:58:18.787  INFO 11832 --- [http-nio-auto-1-exec-3] o.s.web.servlet.DispatcherServlet        : Initializing Servlet 'dispatcherServlet'
2020-05-04 10:58:18.849  INFO 11832 --- [http-nio-auto-1-exec-3] o.s.web.servlet.DispatcherServlet        : Completed initialization in 62 ms
2020-05-04 10:59:12.512  INFO 11832 --- [SpringContextShutdownHook] o.s.s.concurrent.ThreadPoolTaskExecutor  : Shutting down ExecutorService 'applicationTaskExecutor'
2020-05-04 11:17:52.228  INFO 8844 --- [main] com.scalesampark.Application             : Starting Application on Dell-PC with PID 8844 (F:\ScaleSampark\ScaleSampark2.0\target\classes started by Dell in F:\ScaleSampark\ScaleSampark2.0)
2020-05-04 11:17:52.278 DEBUG 8844 --- [main] com.scalesampark.Application             : Running with Spring Boot v2.2.2.RELEASE, Spring v5.2.2.RELEASE
2020-05-04 11:17:52.279  INFO 8844 --- [main] com.scalesampark.Application             : The following profiles are active: dev
2020-05-04 11:17:56.966  INFO 8844 --- [main] o.s.b.w.embedded.tomcat.TomcatWebServer  : Tomcat initialized with port(s): 8080 (http)
2020-05-04 11:17:57.074  INFO 8844 --- [main] o.apache.catalina.core.StandardService   : Starting service [Tomcat]
2020-05-04 11:17:57.075  INFO 8844 --- [main] org.apache.catalina.core.StandardEngine  : Starting Servlet engine: [Apache Tomcat/9.0.29]
2020-05-04 11:17:57.607  INFO 8844 --- [main] o.a.c.c.C.[Tomcat].[localhost].[/]       : Initializing Spring embedded WebApplicationContext
2020-05-04 11:17:57.608  INFO 8844 --- [main] o.s.web.context.ContextLoader            : Root WebApplicationContext: initialization completed in 5130 ms
2020-05-04 11:17:58.375  INFO 8844 --- [main] o.s.aop.framework.CglibAopProxy          : Unable to proxy interface-implementing method [public final void org.springframework.dao.support.DaoSupport.afterPropertiesSet() throws java.lang.IllegalArgumentException,org.springframework.beans.factory.BeanInitializationException] because it is marked as final: Consider using interface-based JDK proxies instead!
2020-05-04 11:17:58.565  INFO 8844 --- [main] o.s.aop.framework.CglibAopProxy          : Unable to proxy interface-implementing method [public final void org.springframework.dao.support.DaoSupport.afterPropertiesSet() throws java.lang.IllegalArgumentException,org.springframework.beans.factory.BeanInitializationException] because it is marked as final: Consider using interface-based JDK proxies instead!
2020-05-04 11:17:58.593  INFO 8844 --- [main] o.s.aop.framework.CglibAopProxy          : Unable to proxy interface-implementing method [public final void org.springframework.dao.support.DaoSupport.afterPropertiesSet() throws java.lang.IllegalArgumentException,org.springframework.beans.factory.BeanInitializationException] because it is marked as final: Consider using interface-based JDK proxies instead!
2020-05-04 11:17:59.359  INFO 8844 --- [main] o.s.s.concurrent.ThreadPoolTaskExecutor  : Initializing ExecutorService 'applicationTaskExecutor'
2020-05-04 11:18:00.719  INFO 8844 --- [main] o.s.b.w.embedded.tomcat.TomcatWebServer  : Tomcat started on port(s): 8080 (http) with context path ''
2020-05-04 11:18:00.730  INFO 8844 --- [main] com.scalesampark.Application             : Started Application in 10.374 seconds (JVM running for 11.692)
2020-05-04 11:19:53.054  INFO 8844 --- [http-nio-8080-exec-1] o.a.c.c.C.[Tomcat].[localhost].[/]       : Initializing Spring DispatcherServlet 'dispatcherServlet'
2020-05-04 11:19:53.055  INFO 8844 --- [http-nio-8080-exec-1] o.s.web.servlet.DispatcherServlet        : Initializing Servlet 'dispatcherServlet'
2020-05-04 11:19:53.116  INFO 8844 --- [http-nio-8080-exec-1] o.s.web.servlet.DispatcherServlet        : Completed initialization in 61 ms
2020-05-04 11:19:53.612  INFO 8844 --- [http-nio-8080-exec-1] com.zaxxer.hikari.HikariDataSource       : HikariPool-1 - Starting...
2020-05-04 11:19:56.363  INFO 8844 --- [http-nio-8080-exec-1] com.zaxxer.hikari.HikariDataSource       : HikariPool-1 - Start completed.
2020-05-04 11:19:57.286 DEBUG 8844 --- [http-nio-8080-exec-1] c.s.h.CustomGlobalExceptionHandler       : 400 >>> 
Incorrect result size: expected 1, actual 0
2020-05-04 11:28:52.352  INFO 7956 --- [main] c.s.controller.EmployeeControllerTest    : Starting EmployeeControllerTest on Dell-PC with PID 7956 (started by Dell in F:\ScaleSampark\ScaleSampark2.0)
2020-05-04 11:28:52.355 DEBUG 7956 --- [main] c.s.controller.EmployeeControllerTest    : Running with Spring Boot v2.2.2.RELEASE, Spring v5.2.2.RELEASE
2020-05-04 11:28:52.356  INFO 7956 --- [main] c.s.controller.EmployeeControllerTest    : The following profiles are active: dev
2020-05-04 11:28:58.169  INFO 7956 --- [main] o.s.b.w.embedded.tomcat.TomcatWebServer  : Tomcat initialized with port(s): 0 (http)
2020-05-04 11:28:58.203  INFO 7956 --- [main] o.apache.catalina.core.StandardService   : Starting service [Tomcat]
2020-05-04 11:28:58.204  INFO 7956 --- [main] org.apache.catalina.core.StandardEngine  : Starting Servlet engine: [Apache Tomcat/9.0.29]
2020-05-04 11:28:58.531  INFO 7956 --- [main] o.a.c.c.C.[Tomcat].[localhost].[/]       : Initializing Spring embedded WebApplicationContext
2020-05-04 11:28:58.532  INFO 7956 --- [main] o.s.web.context.ContextLoader            : Root WebApplicationContext: initialization completed in 6100 ms
2020-05-04 11:28:58.990  INFO 7956 --- [main] o.s.aop.framework.CglibAopProxy          : Unable to proxy interface-implementing method [public final void org.springframework.dao.support.DaoSupport.afterPropertiesSet() throws java.lang.IllegalArgumentException,org.springframework.beans.factory.BeanInitializationException] because it is marked as final: Consider using interface-based JDK proxies instead!
2020-05-04 11:28:59.135  INFO 7956 --- [main] o.s.aop.framework.CglibAopProxy          : Unable to proxy interface-implementing method [public final void org.springframework.dao.support.DaoSupport.afterPropertiesSet() throws java.lang.IllegalArgumentException,org.springframework.beans.factory.BeanInitializationException] because it is marked as final: Consider using interface-based JDK proxies instead!
2020-05-04 11:28:59.155  INFO 7956 --- [main] o.s.aop.framework.CglibAopProxy          : Unable to proxy interface-implementing method [public final void org.springframework.dao.support.DaoSupport.afterPropertiesSet() throws java.lang.IllegalArgumentException,org.springframework.beans.factory.BeanInitializationException] because it is marked as final: Consider using interface-based JDK proxies instead!
2020-05-04 11:29:00.044  INFO 7956 --- [main] o.s.s.concurrent.ThreadPoolTaskExecutor  : Initializing ExecutorService 'applicationTaskExecutor'
2020-05-04 11:29:01.462  INFO 7956 --- [main] o.s.b.w.embedded.tomcat.TomcatWebServer  : Tomcat started on port(s): 58076 (http) with context path ''
2020-05-04 11:29:01.472  INFO 7956 --- [main] c.s.controller.EmployeeControllerTest    : Started EmployeeControllerTest in 10.89 seconds (JVM running for 15.533)
2020-05-04 11:29:03.161  INFO 7956 --- [http-nio-auto-1-exec-1] o.a.c.c.C.[Tomcat].[localhost].[/]       : Initializing Spring DispatcherServlet 'dispatcherServlet'
2020-05-04 11:29:03.162  INFO 7956 --- [http-nio-auto-1-exec-1] o.s.web.servlet.DispatcherServlet        : Initializing Servlet 'dispatcherServlet'
2020-05-04 11:29:03.227  INFO 7956 --- [http-nio-auto-1-exec-1] o.s.web.servlet.DispatcherServlet        : Completed initialization in 65 ms
2020-05-04 11:29:03.527  INFO 7956 --- [http-nio-auto-1-exec-1] com.zaxxer.hikari.HikariDataSource       : HikariPool-1 - Starting...
2020-05-04 11:29:04.490  INFO 7956 --- [http-nio-auto-1-exec-1] com.zaxxer.hikari.HikariDataSource       : HikariPool-1 - Start completed.
2020-05-04 11:29:04.681 DEBUG 7956 --- [http-nio-auto-1-exec-1] c.s.h.CustomGlobalExceptionHandler       : 400 >>> 
Incorrect result size: expected 1, actual 0
2020-05-04 11:29:05.123  INFO 7956 --- [SpringContextShutdownHook] o.s.s.concurrent.ThreadPoolTaskExecutor  : Shutting down ExecutorService 'applicationTaskExecutor'
2020-05-04 11:29:05.135  INFO 7956 --- [SpringContextShutdownHook] com.zaxxer.hikari.HikariDataSource       : HikariPool-1 - Shutdown initiated...
2020-05-04 11:29:05.361  INFO 7956 --- [SpringContextShutdownHook] com.zaxxer.hikari.HikariDataSource       : HikariPool-1 - Shutdown completed.
2020-05-04 11:46:56.346  INFO 9884 --- [main] c.s.controller.EmployeeControllerTest    : Starting EmployeeControllerTest on Dell-PC with PID 9884 (started by Dell in F:\ScaleSampark\ScaleSampark2.0)
2020-05-04 11:46:56.347 DEBUG 9884 --- [main] c.s.controller.EmployeeControllerTest    : Running with Spring Boot v2.2.2.RELEASE, Spring v5.2.2.RELEASE
2020-05-04 11:46:56.348  INFO 9884 --- [main] c.s.controller.EmployeeControllerTest    : The following profiles are active: dev
2020-05-04 11:46:58.661  INFO 9884 --- [main] o.s.b.w.embedded.tomcat.TomcatWebServer  : Tomcat initialized with port(s): 0 (http)
2020-05-04 11:46:58.683  INFO 9884 --- [main] o.apache.catalina.core.StandardService   : Starting service [Tomcat]
2020-05-04 11:46:58.684  INFO 9884 --- [main] org.apache.catalina.core.StandardEngine  : Starting Servlet engine: [Apache Tomcat/9.0.29]
2020-05-04 11:46:58.856  INFO 9884 --- [main] o.a.c.c.C.[Tomcat].[localhost].[/]       : Initializing Spring embedded WebApplicationContext
2020-05-04 11:46:58.856  INFO 9884 --- [main] o.s.web.context.ContextLoader            : Root WebApplicationContext: initialization completed in 2472 ms
2020-05-04 11:46:59.190  INFO 9884 --- [main] o.s.aop.framework.CglibAopProxy          : Unable to proxy interface-implementing method [public final void org.springframework.dao.support.DaoSupport.afterPropertiesSet() throws java.lang.IllegalArgumentException,org.springframework.beans.factory.BeanInitializationException] because it is marked as final: Consider using interface-based JDK proxies instead!
2020-05-04 11:46:59.267  INFO 9884 --- [main] o.s.aop.framework.CglibAopProxy          : Unable to proxy interface-implementing method [public final void org.springframework.dao.support.DaoSupport.afterPropertiesSet() throws java.lang.IllegalArgumentException,org.springframework.beans.factory.BeanInitializationException] because it is marked as final: Consider using interface-based JDK proxies instead!
2020-05-04 11:46:59.278  INFO 9884 --- [main] o.s.aop.framework.CglibAopProxy          : Unable to proxy interface-implementing method [public final void org.springframework.dao.support.DaoSupport.afterPropertiesSet() throws java.lang.IllegalArgumentException,org.springframework.beans.factory.BeanInitializationException] because it is marked as final: Consider using interface-based JDK proxies instead!
2020-05-04 11:46:59.734  INFO 9884 --- [main] o.s.s.concurrent.ThreadPoolTaskExecutor  : Initializing ExecutorService 'applicationTaskExecutor'
2020-05-04 11:47:00.363  INFO 9884 --- [main] o.s.b.w.embedded.tomcat.TomcatWebServer  : Tomcat started on port(s): 56928 (http) with context path ''
2020-05-04 11:47:00.367  INFO 9884 --- [main] c.s.controller.EmployeeControllerTest    : Started EmployeeControllerTest in 4.929 seconds (JVM running for 7.766)
2020-05-04 11:47:00.696  INFO 9884 --- [main] com.zaxxer.hikari.HikariDataSource       : HikariPool-1 - Starting...
2020-05-04 11:47:01.010  INFO 9884 --- [main] com.zaxxer.hikari.HikariDataSource       : HikariPool-1 - Start completed.
2020-05-04 11:47:01.261  INFO 9884 --- [SpringContextShutdownHook] o.s.s.concurrent.ThreadPoolTaskExecutor  : Shutting down ExecutorService 'applicationTaskExecutor'
2020-05-04 11:47:01.265  INFO 9884 --- [SpringContextShutdownHook] com.zaxxer.hikari.HikariDataSource       : HikariPool-1 - Shutdown initiated...
2020-05-04 11:47:01.289  INFO 9884 --- [SpringContextShutdownHook] com.zaxxer.hikari.HikariDataSource       : HikariPool-1 - Shutdown completed.
2020-05-04 11:48:07.183  INFO 1704 --- [main] c.s.controller.EmployeeControllerTest    : Starting EmployeeControllerTest on Dell-PC with PID 1704 (started by Dell in F:\ScaleSampark\ScaleSampark2.0)
2020-05-04 11:48:07.185 DEBUG 1704 --- [main] c.s.controller.EmployeeControllerTest    : Running with Spring Boot v2.2.2.RELEASE, Spring v5.2.2.RELEASE
2020-05-04 11:48:07.186  INFO 1704 --- [main] c.s.controller.EmployeeControllerTest    : The following profiles are active: test
2020-05-04 11:48:10.091  INFO 1704 --- [main] o.s.b.w.embedded.tomcat.TomcatWebServer  : Tomcat initialized with port(s): 0 (http)
2020-05-04 11:48:10.114  INFO 1704 --- [main] o.apache.catalina.core.StandardService   : Starting service [Tomcat]
2020-05-04 11:48:10.115  INFO 1704 --- [main] org.apache.catalina.core.StandardEngine  : Starting Servlet engine: [Apache Tomcat/9.0.29]
2020-05-04 11:48:10.386  INFO 1704 --- [main] o.a.c.c.C.[Tomcat].[localhost].[/]       : Initializing Spring embedded WebApplicationContext
2020-05-04 11:48:10.387  INFO 1704 --- [main] o.s.web.context.ContextLoader            : Root WebApplicationContext: initialization completed in 3146 ms
2020-05-04 11:48:10.606  INFO 1704 --- [main] c.s.services.EmployeeTestServiceConfig   : >>>>>>>>>>>>>>>>>>>>>>>     In EmployeeTestService     <<<<<<<<<<<<<<<<<<<<<<<<<
2020-05-04 11:48:12.591  INFO 1704 --- [main] o.s.aop.framework.CglibAopProxy          : Unable to proxy interface-implementing method [public final void org.springframework.dao.support.DaoSupport.afterPropertiesSet() throws java.lang.IllegalArgumentException,org.springframework.beans.factory.BeanInitializationException] because it is marked as final: Consider using interface-based JDK proxies instead!
2020-05-04 11:48:12.800  INFO 1704 --- [main] o.s.aop.framework.CglibAopProxy          : Unable to proxy interface-implementing method [public final void org.springframework.dao.support.DaoSupport.afterPropertiesSet() throws java.lang.IllegalArgumentException,org.springframework.beans.factory.BeanInitializationException] because it is marked as final: Consider using interface-based JDK proxies instead!
2020-05-04 11:48:12.828  INFO 1704 --- [main] o.s.aop.framework.CglibAopProxy          : Unable to proxy interface-implementing method [public final void org.springframework.dao.support.DaoSupport.afterPropertiesSet() throws java.lang.IllegalArgumentException,org.springframework.beans.factory.BeanInitializationException] because it is marked as final: Consider using interface-based JDK proxies instead!
2020-05-04 11:48:13.753  INFO 1704 --- [main] o.s.s.concurrent.ThreadPoolTaskExecutor  : Initializing ExecutorService 'applicationTaskExecutor'
2020-05-04 11:48:14.873  INFO 1704 --- [main] o.s.b.w.embedded.tomcat.TomcatWebServer  : Tomcat started on port(s): 56979 (http) with context path ''
2020-05-04 11:48:14.881  INFO 1704 --- [main] c.s.controller.EmployeeControllerTest    : Started EmployeeControllerTest in 8.649 seconds (JVM running for 11.669)
2020-05-04 11:48:15.305  INFO 1704 --- [SpringContextShutdownHook] o.s.s.concurrent.ThreadPoolTaskExecutor  : Shutting down ExecutorService 'applicationTaskExecutor'
2020-05-04 11:52:16.338  INFO 11016 --- [main] c.s.controller.EmployeeControllerTest    : Starting EmployeeControllerTest on Dell-PC with PID 11016 (started by Dell in F:\ScaleSampark\ScaleSampark2.0)
2020-05-04 11:52:16.340 DEBUG 11016 --- [main] c.s.controller.EmployeeControllerTest    : Running with Spring Boot v2.2.2.RELEASE, Spring v5.2.2.RELEASE
2020-05-04 11:52:16.340  INFO 11016 --- [main] c.s.controller.EmployeeControllerTest    : The following profiles are active: test
2020-05-04 11:52:19.334  INFO 11016 --- [main] o.s.b.w.embedded.tomcat.TomcatWebServer  : Tomcat initialized with port(s): 0 (http)
2020-05-04 11:52:19.381  INFO 11016 --- [main] o.apache.catalina.core.StandardService   : Starting service [Tomcat]
2020-05-04 11:52:19.399  INFO 11016 --- [main] org.apache.catalina.core.StandardEngine  : Starting Servlet engine: [Apache Tomcat/9.0.29]
2020-05-04 11:52:19.860  INFO 11016 --- [main] o.a.c.c.C.[Tomcat].[localhost].[/]       : Initializing Spring embedded WebApplicationContext
2020-05-04 11:52:19.861  INFO 11016 --- [main] o.s.web.context.ContextLoader            : Root WebApplicationContext: initialization completed in 3474 ms
2020-05-04 11:52:20.210  INFO 11016 --- [main] c.s.services.EmployeeTestServiceConfig   : >>>>>>>>>>>>>>>>>>>>>>>     In EmployeeTestService     <<<<<<<<<<<<<<<<<<<<<<<<<
2020-05-04 11:52:21.543  INFO 11016 --- [main] o.s.aop.framework.CglibAopProxy          : Unable to proxy interface-implementing method [public final void org.springframework.dao.support.DaoSupport.afterPropertiesSet() throws java.lang.IllegalArgumentException,org.springframework.beans.factory.BeanInitializationException] because it is marked as final: Consider using interface-based JDK proxies instead!
2020-05-04 11:52:21.678  INFO 11016 --- [main] o.s.aop.framework.CglibAopProxy          : Unable to proxy interface-implementing method [public final void org.springframework.dao.support.DaoSupport.afterPropertiesSet() throws java.lang.IllegalArgumentException,org.springframework.beans.factory.BeanInitializationException] because it is marked as final: Consider using interface-based JDK proxies instead!
2020-05-04 11:52:21.708  INFO 11016 --- [main] o.s.aop.framework.CglibAopProxy          : Unable to proxy interface-implementing method [public final void org.springframework.dao.support.DaoSupport.afterPropertiesSet() throws java.lang.IllegalArgumentException,org.springframework.beans.factory.BeanInitializationException] because it is marked as final: Consider using interface-based JDK proxies instead!
2020-05-04 11:52:22.470  INFO 11016 --- [main] o.s.s.concurrent.ThreadPoolTaskExecutor  : Initializing ExecutorService 'applicationTaskExecutor'
2020-05-04 11:52:23.717  INFO 11016 --- [main] o.s.b.w.embedded.tomcat.TomcatWebServer  : Tomcat started on port(s): 57117 (http) with context path ''
2020-05-04 11:52:23.729  INFO 11016 --- [main] c.s.controller.EmployeeControllerTest    : Started EmployeeControllerTest in 8.232 seconds (JVM running for 11.505)
2020-05-04 11:52:24.229  INFO 11016 --- [http-nio-auto-1-exec-1] o.a.c.c.C.[Tomcat].[localhost].[/]       : Initializing Spring DispatcherServlet 'dispatcherServlet'
2020-05-04 11:52:24.230  INFO 11016 --- [http-nio-auto-1-exec-1] o.s.web.servlet.DispatcherServlet        : Initializing Servlet 'dispatcherServlet'
2020-05-04 11:52:24.320  INFO 11016 --- [http-nio-auto-1-exec-1] o.s.web.servlet.DispatcherServlet        : Completed initialization in 89 ms
2020-05-04 11:52:26.387  INFO 11016 --- [SpringContextShutdownHook] o.s.s.concurrent.ThreadPoolTaskExecutor  : Shutting down ExecutorService 'applicationTaskExecutor'
2020-05-04 12:06:39.882  INFO 6172 --- [main] com.scalesampark.Application             : Starting Application on Dell-PC with PID 6172 (F:\ScaleSampark\ScaleSampark2.0\target\classes started by Dell in F:\ScaleSampark\ScaleSampark2.0)
2020-05-04 12:06:39.891 DEBUG 6172 --- [main] com.scalesampark.Application             : Running with Spring Boot v2.2.2.RELEASE, Spring v5.2.2.RELEASE
2020-05-04 12:06:39.893  INFO 6172 --- [main] com.scalesampark.Application             : The following profiles are active: dev
2020-05-04 12:06:44.379  INFO 6172 --- [main] o.s.b.w.embedded.tomcat.TomcatWebServer  : Tomcat initialized with port(s): 8080 (http)
2020-05-04 12:06:44.413  INFO 6172 --- [main] o.apache.catalina.core.StandardService   : Starting service [Tomcat]
2020-05-04 12:06:44.414  INFO 6172 --- [main] org.apache.catalina.core.StandardEngine  : Starting Servlet engine: [Apache Tomcat/9.0.29]
2020-05-04 12:06:44.718  INFO 6172 --- [main] o.a.c.c.C.[Tomcat].[localhost].[/]       : Initializing Spring embedded WebApplicationContext
2020-05-04 12:06:44.718  INFO 6172 --- [main] o.s.web.context.ContextLoader            : Root WebApplicationContext: initialization completed in 4654 ms
2020-05-04 12:06:45.024  INFO 6172 --- [main] o.s.aop.framework.CglibAopProxy          : Unable to proxy interface-implementing method [public final void org.springframework.dao.support.DaoSupport.afterPropertiesSet() throws java.lang.IllegalArgumentException,org.springframework.beans.factory.BeanInitializationException] because it is marked as final: Consider using interface-based JDK proxies instead!
2020-05-04 12:06:45.138  INFO 6172 --- [main] o.s.aop.framework.CglibAopProxy          : Unable to proxy interface-implementing method [public final void org.springframework.dao.support.DaoSupport.afterPropertiesSet() throws java.lang.IllegalArgumentException,org.springframework.beans.factory.BeanInitializationException] because it is marked as final: Consider using interface-based JDK proxies instead!
2020-05-04 12:06:45.161  INFO 6172 --- [main] o.s.aop.framework.CglibAopProxy          : Unable to proxy interface-implementing method [public final void org.springframework.dao.support.DaoSupport.afterPropertiesSet() throws java.lang.IllegalArgumentException,org.springframework.beans.factory.BeanInitializationException] because it is marked as final: Consider using interface-based JDK proxies instead!
2020-05-04 12:06:45.647  INFO 6172 --- [main] o.s.s.concurrent.ThreadPoolTaskExecutor  : Initializing ExecutorService 'applicationTaskExecutor'
2020-05-04 12:06:46.161  INFO 6172 --- [main] o.s.b.w.embedded.tomcat.TomcatWebServer  : Tomcat started on port(s): 8080 (http) with context path ''
2020-05-04 12:06:46.167  INFO 6172 --- [main] com.scalesampark.Application             : Started Application in 8.01 seconds (JVM running for 9.146)
2020-05-04 12:06:56.981  INFO 6172 --- [http-nio-8080-exec-1] o.a.c.c.C.[Tomcat].[localhost].[/]       : Initializing Spring DispatcherServlet 'dispatcherServlet'
2020-05-04 12:06:56.982  INFO 6172 --- [http-nio-8080-exec-1] o.s.web.servlet.DispatcherServlet        : Initializing Servlet 'dispatcherServlet'
2020-05-04 12:06:57.005  INFO 6172 --- [http-nio-8080-exec-1] o.s.web.servlet.DispatcherServlet        : Completed initialization in 22 ms
2020-05-04 12:06:57.400 DEBUG 6172 --- [http-nio-8080-exec-1] c.s.h.CustomGlobalExceptionHandler       : 400 >>> 
No message found under code 'error.common.numberOnly' for locale 'en_US'.
2020-05-04 12:07:32.253  INFO 7384 --- [main] com.scalesampark.Application             : Starting Application on Dell-PC with PID 7384 (F:\ScaleSampark\ScaleSampark2.0\target\classes started by Dell in F:\ScaleSampark\ScaleSampark2.0)
2020-05-04 12:07:32.262 DEBUG 7384 --- [main] com.scalesampark.Application             : Running with Spring Boot v2.2.2.RELEASE, Spring v5.2.2.RELEASE
2020-05-04 12:07:32.263  INFO 7384 --- [main] com.scalesampark.Application             : The following profiles are active: dev
2020-05-04 12:07:36.550  INFO 7384 --- [main] o.s.b.w.embedded.tomcat.TomcatWebServer  : Tomcat initialized with port(s): 8080 (http)
2020-05-04 12:07:36.604  INFO 7384 --- [main] o.apache.catalina.core.StandardService   : Starting service [Tomcat]
2020-05-04 12:07:36.605  INFO 7384 --- [main] org.apache.catalina.core.StandardEngine  : Starting Servlet engine: [Apache Tomcat/9.0.29]
2020-05-04 12:07:37.079  INFO 7384 --- [main] o.a.c.c.C.[Tomcat].[localhost].[/]       : Initializing Spring embedded WebApplicationContext
2020-05-04 12:07:37.080  INFO 7384 --- [main] o.s.web.context.ContextLoader            : Root WebApplicationContext: initialization completed in 4590 ms
2020-05-04 12:07:37.491  INFO 7384 --- [main] o.s.aop.framework.CglibAopProxy          : Unable to proxy interface-implementing method [public final void org.springframework.dao.support.DaoSupport.afterPropertiesSet() throws java.lang.IllegalArgumentException,org.springframework.beans.factory.BeanInitializationException] because it is marked as final: Consider using interface-based JDK proxies instead!
2020-05-04 12:07:37.624  INFO 7384 --- [main] o.s.aop.framework.CglibAopProxy          : Unable to proxy interface-implementing method [public final void org.springframework.dao.support.DaoSupport.afterPropertiesSet() throws java.lang.IllegalArgumentException,org.springframework.beans.factory.BeanInitializationException] because it is marked as final: Consider using interface-based JDK proxies instead!
2020-05-04 12:07:37.654  INFO 7384 --- [main] o.s.aop.framework.CglibAopProxy          : Unable to proxy interface-implementing method [public final void org.springframework.dao.support.DaoSupport.afterPropertiesSet() throws java.lang.IllegalArgumentException,org.springframework.beans.factory.BeanInitializationException] because it is marked as final: Consider using interface-based JDK proxies instead!
2020-05-04 12:07:38.285  INFO 7384 --- [main] o.s.s.concurrent.ThreadPoolTaskExecutor  : Initializing ExecutorService 'applicationTaskExecutor'
2020-05-04 12:07:38.938  INFO 7384 --- [main] o.s.b.w.embedded.tomcat.TomcatWebServer  : Tomcat started on port(s): 8080 (http) with context path ''
2020-05-04 12:07:38.945  INFO 7384 --- [main] com.scalesampark.Application             : Started Application in 8.448 seconds (JVM running for 10.039)
2020-05-04 12:07:46.831  INFO 7384 --- [http-nio-8080-exec-2] o.a.c.c.C.[Tomcat].[localhost].[/]       : Initializing Spring DispatcherServlet 'dispatcherServlet'
2020-05-04 12:07:46.832  INFO 7384 --- [http-nio-8080-exec-2] o.s.web.servlet.DispatcherServlet        : Initializing Servlet 'dispatcherServlet'
2020-05-04 12:07:46.856  INFO 7384 --- [http-nio-8080-exec-2] o.s.web.servlet.DispatcherServlet        : Completed initialization in 24 ms
2020-05-04 12:08:37.046  INFO 7972 --- [main] com.scalesampark.Application             : Starting Application on Dell-PC with PID 7972 (F:\ScaleSampark\ScaleSampark2.0\target\classes started by Dell in F:\ScaleSampark\ScaleSampark2.0)
2020-05-04 12:08:37.053 DEBUG 7972 --- [main] com.scalesampark.Application             : Running with Spring Boot v2.2.2.RELEASE, Spring v5.2.2.RELEASE
2020-05-04 12:08:37.053  INFO 7972 --- [main] com.scalesampark.Application             : The following profiles are active: dev
2020-05-04 12:08:39.795  INFO 7972 --- [main] o.s.b.w.embedded.tomcat.TomcatWebServer  : Tomcat initialized with port(s): 8080 (http)
2020-05-04 12:08:39.820  INFO 7972 --- [main] o.apache.catalina.core.StandardService   : Starting service [Tomcat]
2020-05-04 12:08:39.821  INFO 7972 --- [main] org.apache.catalina.core.StandardEngine  : Starting Servlet engine: [Apache Tomcat/9.0.29]
2020-05-04 12:08:40.012  INFO 7972 --- [main] o.a.c.c.C.[Tomcat].[localhost].[/]       : Initializing Spring embedded WebApplicationContext
2020-05-04 12:08:40.013  INFO 7972 --- [main] o.s.web.context.ContextLoader            : Root WebApplicationContext: initialization completed in 2840 ms
2020-05-04 12:08:40.200  INFO 7972 --- [main] o.s.aop.framework.CglibAopProxy          : Unable to proxy interface-implementing method [public final void org.springframework.dao.support.DaoSupport.afterPropertiesSet() throws java.lang.IllegalArgumentException,org.springframework.beans.factory.BeanInitializationException] because it is marked as final: Consider using interface-based JDK proxies instead!
2020-05-04 12:08:40.285  INFO 7972 --- [main] o.s.aop.framework.CglibAopProxy          : Unable to proxy interface-implementing method [public final void org.springframework.dao.support.DaoSupport.afterPropertiesSet() throws java.lang.IllegalArgumentException,org.springframework.beans.factory.BeanInitializationException] because it is marked as final: Consider using interface-based JDK proxies instead!
2020-05-04 12:08:40.298  INFO 7972 --- [main] o.s.aop.framework.CglibAopProxy          : Unable to proxy interface-implementing method [public final void org.springframework.dao.support.DaoSupport.afterPropertiesSet() throws java.lang.IllegalArgumentException,org.springframework.beans.factory.BeanInitializationException] because it is marked as final: Consider using interface-based JDK proxies instead!
2020-05-04 12:08:40.603  INFO 7972 --- [main] o.s.s.concurrent.ThreadPoolTaskExecutor  : Initializing ExecutorService 'applicationTaskExecutor'
2020-05-04 12:08:41.089  INFO 7972 --- [main] o.s.b.w.embedded.tomcat.TomcatWebServer  : Tomcat started on port(s): 8080 (http) with context path ''
2020-05-04 12:08:41.093  INFO 7972 --- [main] com.scalesampark.Application             : Started Application in 5.376 seconds (JVM running for 6.388)
2020-05-04 12:08:47.996  INFO 7972 --- [http-nio-8080-exec-1] o.a.c.c.C.[Tomcat].[localhost].[/]       : Initializing Spring DispatcherServlet 'dispatcherServlet'
2020-05-04 12:08:47.997  INFO 7972 --- [http-nio-8080-exec-1] o.s.web.servlet.DispatcherServlet        : Initializing Servlet 'dispatcherServlet'
2020-05-04 12:08:48.022  INFO 7972 --- [http-nio-8080-exec-1] o.s.web.servlet.DispatcherServlet        : Completed initialization in 25 ms
2020-05-04 12:10:30.653  INFO 2340 --- [main] com.scalesampark.Application             : Starting Application on Dell-PC with PID 2340 (F:\ScaleSampark\ScaleSampark2.0\target\classes started by Dell in F:\ScaleSampark\ScaleSampark2.0)
2020-05-04 12:10:30.663 DEBUG 2340 --- [main] com.scalesampark.Application             : Running with Spring Boot v2.2.2.RELEASE, Spring v5.2.2.RELEASE
2020-05-04 12:10:30.664  INFO 2340 --- [main] com.scalesampark.Application             : The following profiles are active: dev
2020-05-04 12:10:33.771  INFO 2340 --- [main] o.s.b.w.embedded.tomcat.TomcatWebServer  : Tomcat initialized with port(s): 8080 (http)
2020-05-04 12:10:33.796  INFO 2340 --- [main] o.apache.catalina.core.StandardService   : Starting service [Tomcat]
2020-05-04 12:10:33.797  INFO 2340 --- [main] org.apache.catalina.core.StandardEngine  : Starting Servlet engine: [Apache Tomcat/9.0.29]
2020-05-04 12:10:34.069  INFO 2340 --- [main] o.a.c.c.C.[Tomcat].[localhost].[/]       : Initializing Spring embedded WebApplicationContext
2020-05-04 12:10:34.070  INFO 2340 --- [main] o.s.web.context.ContextLoader            : Root WebApplicationContext: initialization completed in 3252 ms
2020-05-04 12:10:34.242  INFO 2340 --- [main] o.s.aop.framework.CglibAopProxy          : Unable to proxy interface-implementing method [public final void org.springframework.dao.support.DaoSupport.afterPropertiesSet() throws java.lang.IllegalArgumentException,org.springframework.beans.factory.BeanInitializationException] because it is marked as final: Consider using interface-based JDK proxies instead!
2020-05-04 12:10:34.331  INFO 2340 --- [main] o.s.aop.framework.CglibAopProxy          : Unable to proxy interface-implementing method [public final void org.springframework.dao.support.DaoSupport.afterPropertiesSet() throws java.lang.IllegalArgumentException,org.springframework.beans.factory.BeanInitializationException] because it is marked as final: Consider using interface-based JDK proxies instead!
2020-05-04 12:10:34.344  INFO 2340 --- [main] o.s.aop.framework.CglibAopProxy          : Unable to proxy interface-implementing method [public final void org.springframework.dao.support.DaoSupport.afterPropertiesSet() throws java.lang.IllegalArgumentException,org.springframework.beans.factory.BeanInitializationException] because it is marked as final: Consider using interface-based JDK proxies instead!
2020-05-04 12:10:34.684  INFO 2340 --- [main] o.s.s.concurrent.ThreadPoolTaskExecutor  : Initializing ExecutorService 'applicationTaskExecutor'
2020-05-04 12:10:35.047  INFO 2340 --- [main] o.s.b.w.embedded.tomcat.TomcatWebServer  : Tomcat started on port(s): 8080 (http) with context path ''
2020-05-04 12:10:35.051  INFO 2340 --- [main] com.scalesampark.Application             : Started Application in 5.993 seconds (JVM running for 7.079)
2020-05-04 12:10:42.741  INFO 2340 --- [http-nio-8080-exec-1] o.a.c.c.C.[Tomcat].[localhost].[/]       : Initializing Spring DispatcherServlet 'dispatcherServlet'
2020-05-04 12:10:42.742  INFO 2340 --- [http-nio-8080-exec-1] o.s.web.servlet.DispatcherServlet        : Initializing Servlet 'dispatcherServlet'
2020-05-04 12:10:42.765  INFO 2340 --- [http-nio-8080-exec-1] o.s.web.servlet.DispatcherServlet        : Completed initialization in 22 ms
2020-05-04 12:10:43.084 DEBUG 2340 --- [http-nio-8080-exec-1] c.s.h.CustomGlobalExceptionHandler       : 400 >>> 
No message found under code 'error.common.numberOnlys' for locale 'en_US'.
2020-05-04 12:11:09.893  INFO 6572 --- [main] com.scalesampark.Application             : Starting Application on Dell-PC with PID 6572 (F:\ScaleSampark\ScaleSampark2.0\target\classes started by Dell in F:\ScaleSampark\ScaleSampark2.0)
2020-05-04 12:11:09.900 DEBUG 6572 --- [main] com.scalesampark.Application             : Running with Spring Boot v2.2.2.RELEASE, Spring v5.2.2.RELEASE
2020-05-04 12:11:09.901  INFO 6572 --- [main] com.scalesampark.Application             : The following profiles are active: dev
2020-05-04 12:11:12.735  INFO 6572 --- [main] o.s.b.w.embedded.tomcat.TomcatWebServer  : Tomcat initialized with port(s): 8080 (http)
2020-05-04 12:11:12.759  INFO 6572 --- [main] o.apache.catalina.core.StandardService   : Starting service [Tomcat]
2020-05-04 12:11:12.759  INFO 6572 --- [main] org.apache.catalina.core.StandardEngine  : Starting Servlet engine: [Apache Tomcat/9.0.29]
2020-05-04 12:11:13.018  INFO 6572 --- [main] o.a.c.c.C.[Tomcat].[localhost].[/]       : Initializing Spring embedded WebApplicationContext
2020-05-04 12:11:13.019  INFO 6572 --- [main] o.s.web.context.ContextLoader            : Root WebApplicationContext: initialization completed in 2993 ms
2020-05-04 12:11:13.180  INFO 6572 --- [main] o.s.aop.framework.CglibAopProxy          : Unable to proxy interface-implementing method [public final void org.springframework.dao.support.DaoSupport.afterPropertiesSet() throws java.lang.IllegalArgumentException,org.springframework.beans.factory.BeanInitializationException] because it is marked as final: Consider using interface-based JDK proxies instead!
2020-05-04 12:11:13.245  INFO 6572 --- [main] o.s.aop.framework.CglibAopProxy          : Unable to proxy interface-implementing method [public final void org.springframework.dao.support.DaoSupport.afterPropertiesSet() throws java.lang.IllegalArgumentException,org.springframework.beans.factory.BeanInitializationException] because it is marked as final: Consider using interface-based JDK proxies instead!
2020-05-04 12:11:13.257  INFO 6572 --- [main] o.s.aop.framework.CglibAopProxy          : Unable to proxy interface-implementing method [public final void org.springframework.dao.support.DaoSupport.afterPropertiesSet() throws java.lang.IllegalArgumentException,org.springframework.beans.factory.BeanInitializationException] because it is marked as final: Consider using interface-based JDK proxies instead!
2020-05-04 12:11:13.516  INFO 6572 --- [main] o.s.s.concurrent.ThreadPoolTaskExecutor  : Initializing ExecutorService 'applicationTaskExecutor'
2020-05-04 12:11:13.843  INFO 6572 --- [main] o.s.b.w.embedded.tomcat.TomcatWebServer  : Tomcat started on port(s): 8080 (http) with context path ''
2020-05-04 12:11:13.847  INFO 6572 --- [main] com.scalesampark.Application             : Started Application in 5.462 seconds (JVM running for 6.778)
2020-05-04 12:11:19.834  INFO 6572 --- [http-nio-8080-exec-1] o.a.c.c.C.[Tomcat].[localhost].[/]       : Initializing Spring DispatcherServlet 'dispatcherServlet'
2020-05-04 12:11:19.835  INFO 6572 --- [http-nio-8080-exec-1] o.s.web.servlet.DispatcherServlet        : Initializing Servlet 'dispatcherServlet'
2020-05-04 12:11:19.866  INFO 6572 --- [http-nio-8080-exec-1] o.s.web.servlet.DispatcherServlet        : Completed initialization in 30 ms
2020-05-04 12:12:13.138  INFO 10444 --- [main] com.scalesampark.Application             : Starting Application on Dell-PC with PID 10444 (F:\ScaleSampark\ScaleSampark2.0\target\classes started by Dell in F:\ScaleSampark\ScaleSampark2.0)
2020-05-04 12:12:13.144 DEBUG 10444 --- [main] com.scalesampark.Application             : Running with Spring Boot v2.2.2.RELEASE, Spring v5.2.2.RELEASE
2020-05-04 12:12:13.145  INFO 10444 --- [main] com.scalesampark.Application             : The following profiles are active: dev
2020-05-04 12:12:16.180  INFO 10444 --- [main] o.s.b.w.embedded.tomcat.TomcatWebServer  : Tomcat initialized with port(s): 8080 (http)
2020-05-04 12:12:16.225  INFO 10444 --- [main] o.apache.catalina.core.StandardService   : Starting service [Tomcat]
2020-05-04 12:12:16.226  INFO 10444 --- [main] org.apache.catalina.core.StandardEngine  : Starting Servlet engine: [Apache Tomcat/9.0.29]
2020-05-04 12:12:16.677  INFO 10444 --- [main] o.a.c.c.C.[Tomcat].[localhost].[/]       : Initializing Spring embedded WebApplicationContext
2020-05-04 12:12:16.678  INFO 10444 --- [main] o.s.web.context.ContextLoader            : Root WebApplicationContext: initialization completed in 3415 ms
2020-05-04 12:12:16.972  INFO 10444 --- [main] o.s.aop.framework.CglibAopProxy          : Unable to proxy interface-implementing method [public final void org.springframework.dao.support.DaoSupport.afterPropertiesSet() throws java.lang.IllegalArgumentException,org.springframework.beans.factory.BeanInitializationException] because it is marked as final: Consider using interface-based JDK proxies instead!
2020-05-04 12:12:17.102  INFO 10444 --- [main] o.s.aop.framework.CglibAopProxy          : Unable to proxy interface-implementing method [public final void org.springframework.dao.support.DaoSupport.afterPropertiesSet() throws java.lang.IllegalArgumentException,org.springframework.beans.factory.BeanInitializationException] because it is marked as final: Consider using interface-based JDK proxies instead!
2020-05-04 12:12:17.125  INFO 10444 --- [main] o.s.aop.framework.CglibAopProxy          : Unable to proxy interface-implementing method [public final void org.springframework.dao.support.DaoSupport.afterPropertiesSet() throws java.lang.IllegalArgumentException,org.springframework.beans.factory.BeanInitializationException] because it is marked as final: Consider using interface-based JDK proxies instead!
2020-05-04 12:12:17.814  INFO 10444 --- [main] o.s.s.concurrent.ThreadPoolTaskExecutor  : Initializing ExecutorService 'applicationTaskExecutor'
2020-05-04 12:12:18.580  INFO 10444 --- [main] o.s.b.w.embedded.tomcat.TomcatWebServer  : Tomcat started on port(s): 8080 (http) with context path ''
2020-05-04 12:12:18.588  INFO 10444 --- [main] com.scalesampark.Application             : Started Application in 6.907 seconds (JVM running for 8.094)
2020-05-04 12:12:24.822  INFO 10444 --- [http-nio-8080-exec-1] o.a.c.c.C.[Tomcat].[localhost].[/]       : Initializing Spring DispatcherServlet 'dispatcherServlet'
2020-05-04 12:12:24.823  INFO 10444 --- [http-nio-8080-exec-1] o.s.web.servlet.DispatcherServlet        : Initializing Servlet 'dispatcherServlet'
2020-05-04 12:12:24.850  INFO 10444 --- [http-nio-8080-exec-1] o.s.web.servlet.DispatcherServlet        : Completed initialization in 26 ms
2020-05-04 12:12:25.109 DEBUG 10444 --- [http-nio-8080-exec-1] c.s.h.CustomGlobalExceptionHandler       : 400 >>> 
No message found under code 'error.common.numberOnlys' for locale 'en_US'.
2020-05-04 12:13:59.993  INFO 6188 --- [main] com.scalesampark.Application             : Starting Application on Dell-PC with PID 6188 (F:\ScaleSampark\ScaleSampark2.0\target\classes started by Dell in F:\ScaleSampark\ScaleSampark2.0)
2020-05-04 12:14:00.000 DEBUG 6188 --- [main] com.scalesampark.Application             : Running with Spring Boot v2.2.2.RELEASE, Spring v5.2.2.RELEASE
2020-05-04 12:14:00.001  INFO 6188 --- [main] com.scalesampark.Application             : The following profiles are active: dev
2020-05-04 12:14:02.979  INFO 6188 --- [main] o.s.b.w.embedded.tomcat.TomcatWebServer  : Tomcat initialized with port(s): 8080 (http)
2020-05-04 12:14:03.024  INFO 6188 --- [main] o.apache.catalina.core.StandardService   : Starting service [Tomcat]
2020-05-04 12:14:03.025  INFO 6188 --- [main] org.apache.catalina.core.StandardEngine  : Starting Servlet engine: [Apache Tomcat/9.0.29]
2020-05-04 12:14:03.493  INFO 6188 --- [main] o.a.c.c.C.[Tomcat].[localhost].[/]       : Initializing Spring embedded WebApplicationContext
2020-05-04 12:14:03.494  INFO 6188 --- [main] o.s.web.context.ContextLoader            : Root WebApplicationContext: initialization completed in 3353 ms
2020-05-04 12:14:03.798  INFO 6188 --- [main] o.s.aop.framework.CglibAopProxy          : Unable to proxy interface-implementing method [public final void org.springframework.dao.support.DaoSupport.afterPropertiesSet() throws java.lang.IllegalArgumentException,org.springframework.beans.factory.BeanInitializationException] because it is marked as final: Consider using interface-based JDK proxies instead!
2020-05-04 12:14:03.940  INFO 6188 --- [main] o.s.aop.framework.CglibAopProxy          : Unable to proxy interface-implementing method [public final void org.springframework.dao.support.DaoSupport.afterPropertiesSet() throws java.lang.IllegalArgumentException,org.springframework.beans.factory.BeanInitializationException] because it is marked as final: Consider using interface-based JDK proxies instead!
2020-05-04 12:14:03.963  INFO 6188 --- [main] o.s.aop.framework.CglibAopProxy          : Unable to proxy interface-implementing method [public final void org.springframework.dao.support.DaoSupport.afterPropertiesSet() throws java.lang.IllegalArgumentException,org.springframework.beans.factory.BeanInitializationException] because it is marked as final: Consider using interface-based JDK proxies instead!
2020-05-04 12:14:04.532  INFO 6188 --- [main] o.s.s.concurrent.ThreadPoolTaskExecutor  : Initializing ExecutorService 'applicationTaskExecutor'
2020-05-04 12:14:05.111  INFO 6188 --- [main] o.s.b.w.embedded.tomcat.TomcatWebServer  : Tomcat started on port(s): 8080 (http) with context path ''
2020-05-04 12:14:05.118  INFO 6188 --- [main] com.scalesampark.Application             : Started Application in 6.493 seconds (JVM running for 7.686)
2020-05-04 12:14:13.037  INFO 6188 --- [http-nio-8080-exec-1] o.a.c.c.C.[Tomcat].[localhost].[/]       : Initializing Spring DispatcherServlet 'dispatcherServlet'
2020-05-04 12:14:13.038  INFO 6188 --- [http-nio-8080-exec-1] o.s.web.servlet.DispatcherServlet        : Initializing Servlet 'dispatcherServlet'
2020-05-04 12:14:13.062  INFO 6188 --- [http-nio-8080-exec-1] o.s.web.servlet.DispatcherServlet        : Completed initialization in 24 ms
